[dotenv@17.2.4] injecting env (5) from .env -- tip: ⚙️  write to custom object with { processEnv: myObject }
[WhatsAppSync] Starting daemon. interval=120000ms limit=40
[WhatsApp] Loaded cache: 81 chats, 3 chats with messages.
[WhatsApp] Connected.
[WhatsAppSync] Warmed cache: loaded=0, chats=81, chatsWithMessages=3
[WhatsAppSync] Diagnostics: loadMessages=false, fetchMessageHistory=true, socketStoreChats=0
[WhatsApp] Disconnected: WhatsApp session conflict (code 440): another client is using the same auth session.
[WhatsApp] Connected.
[WhatsAppSync] Warmed cache: loaded=0, chats=81, chatsWithMessages=3
[WhatsAppSync] Diagnostics: loadMessages=false, fetchMessageHistory=true, socketStoreChats=0
[WhatsApp] Disconnected: WhatsApp session conflict (code 440): another client is using the same auth session.
[WhatsApp] Connected.
[WhatsAppSync] Warmed cache: loaded=0, chats=81, chatsWithMessages=3
[WhatsAppSync] Diagnostics: loadMessages=false, fetchMessageHistory=true, socketStoreChats=0
[WhatsApp] Disconnected: WhatsApp session conflict (code 440): another client is using the same auth session.
[WhatsApp] Connected.
[WhatsAppSync] Warmed cache: loaded=0, chats=81, chatsWithMessages=4
[WhatsAppSync] Diagnostics: loadMessages=false, fetchMessageHistory=true, socketStoreChats=0
[WhatsApp] Disconnected: WhatsApp session conflict (code 440): another client is using the same[WhatsApp] Conn[WhatsApp] Connected.
[WhatsAppSync] Warmed cache: loaded=0, chats=81, chatsWithMessages=4
[WhatsAppSync] Diagnostics: loadMessages=false, fetchMessageHistory=true, socketStoreChats=0
[W[WhatsApp] Connected.
[WhatsAppSync] Warmed cache: loaded=0, chats=81, chatsWithMessages=4
[WhatsApp] Discon[WhatsApp] Connected.
[WhatsAppSync] Warmed cache: loaded=0, chats=81, chatsWithMessages=4
[W[WhatsApp] Connected.
[WhatsAppSync] Warmed cache: loaded=0, chats=81, chatsWithMessages=4
[WhatsApp] Disconnected: WhatsApp session conflict (code 440): another client is using the same auth session.
[WhatsApp] Connected.
[WhatsAppSync] Warmed cache: loaded=0, chats=81, chatsWithMessages=4
[WhatsApp] Disconnected: WhatsApp session conflict (code 440): another client is using the same auth session.
[WhatsApp] Connected.
[WhatsAppSync] Warmed cache: loaded=0, chats=81, chatsWithMessages=4
[WhatsApp] Disconnected: WhatsApp session conflict (code 440): another client is using the same auth session.
[WhatsApp] Connected.
[WhatsAppSync] Warmed cache: loaded=0, chats=81, chatsWithMessages=4
[WhatsApp] Disconnected: WhatsApp session conflict (code 440): another client is using the same auth session.
[WhatsApp] Connected.
[WhatsAppSync] Warmed cache: loaded=0, chats=81, chatsWithMessages=4
[WhatsApp] Disconnected: WhatsApp session conflict (code 440): another client is using the same auth session.
[WhatsApp] Connected.
[WhatsAppSync] Warmed cache: loaded=0, chats=81, chatsWithMessages=4
[WhatsApp] Disconnected: WhatsApp session conflict (code 440): another client is using the same auth session.
[WhatsApp] Connected.
[WhatsAppSync] Warmed cache: loaded=0, chats=81, chatsWithMessages=4
[WhatsApp] Disconnected: WhatsApp session conflict (code 440): another client is using the same auth session.
[WhatsApp] Connected.
[WhatsAppSync] Warmed cache: loaded=0, chats=81, chatsWithMessages=4
[WhatsApp] Disconnected: WhatsApp session conflict (code 440): another client is using the same auth session.
[WhatsApp] Connected.
[WhatsAppSync] Warmed cache: loaded=0, chats=81, chatsWithMessages=4
[WhatsApp] Disconnected: WhatsApp session conflict (code 440): another client is using the same auth session.
[WhatsApp] Connected.
[WhatsAppSync] Warmed cache: loaded=0, chats=81, chatsWithMessages=4
[WhatsApp] Disconnected: WhatsApp session conflict (code 440): another client is using the same auth session.
[WhatsApp] Connected.
[WhatsAppSync] Warmed cache: loaded=0, chats=81, chatsWithMessages=4
[WhatsApp] Disconnected: WhatsApp session conflict (code 440): another client is using the same auth session.
[WhatsApp] Connected.
[WhatsAppSync] Warmed cache: loaded=0, chats=81, chatsWithMessages=5
[WhatsApp] Disconnected: WhatsApp session conflict (code 440): another client is using the same auth session.
[WhatsApp] Connected.
[WhatsAppSync] Warmed cache: loaded=0, chats=81, chatsWithMessages=5
[WhatsApp] Disconnected: WhatsApp session conflict (code 440): another client is using the same auth session.
[WhatsApp] Connected.
[WhatsAppSync] Warmed cache: loaded=0, chats=81, chatsWithMessages=5
[WhatsApp] Disconnected: WhatsApp session conflict (code 440): another client is using the same auth session.
[WhatsApp] Connected.
[WhatsAppSync] Warmed cache: loaded=0, chats=81, chatsWithMessages=5
[WhatsApp] Disconnected: WhatsApp session conflict (code 440): another client is using the same auth session.
[WhatsApp] Connected.
[WhatsAppSync] Warmed cache: loaded=0, chats=81, chatsWithMessages=5
[WhatsApp] Disconnected: WhatsApp session conflict (code 440): another client is using the same auth session.
[WhatsApp] Connected.
[WhatsAppSync] Warmed cache: loaded=0, chats=81, chatsWithMessages=5
[WhatsApp] Disconnected: WhatsApp session conflict (code 440): another client is using the same auth session.
[WhatsApp] Connected.
[WhatsAppSync] Warmed cache: loaded=0, chats=81, chatsWithMessages=5
[WhatsApp] Disconnected: WhatsApp session conflict (code 440): another client is using the same auth session.
[WhatsApp] Connected.
[WhatsAppSync] Warmed cache: loaded=0, chats=81, chatsWithMessages=5
[WhatsApp] Disconnected: WhatsApp session conflict (code 440): another client is using the same auth session.
[WhatsApp] Connected.
[WhatsAppSync] Warmed cache: loaded=0, chats=81, chatsWithMessages=5
[WhatsApp] Disconnected: WhatsApp session conflict (code 440): another client is using the same auth session.
[WhatsApp] Connected.
[WhatsAppSync] Warmed cache: loaded=0, chats=81, chatsWithMessages=5
[WhatsApp] Disconnected: WhatsApp session conflict (code 440): another client is using the same auth session.
[WhatsApp] Connected.
[WhatsAppSync] Warmed cache: loaded=0, chats=81, chatsWithMessages=5
[WhatsApp] Disconnected: WhatsApp session conflict (code 440): another client is using the same auth session.
[WhatsApp] Connected.
[WhatsAppSync] Warmed cache: loaded=0, chats=81, chatsWithMessages=5
[WhatsApp] Disconnected: WhatsApp session conflict (code 440): another client is using the same auth session.
[WhatsApp] Connected.
[WhatsAppSync] Warmed cache: loaded=0, chats=81, chatsWithMessages=5
[WhatsApp] Disconnected: WhatsApp session conflict (code 440): another client is using the same auth session.
[WhatsApp] Connected.
[WhatsAppSync] Warmed cache: loaded=0, chats=81, chatsWithMessages=5
[WhatsApp] Disconnected: WhatsApp session conflict (code 440): another client is using the same auth session.
[WhatsApp] Connected.
[WhatsAppSync] Warmed cache: loaded=0, chats=81, chatsWithMessages=5
[WhatsApp] Disconnected: WhatsApp session conflict (code 440): another client is using the same auth session.
[WhatsApp] Connected.
[WhatsAppSync] Warmed cache: loaded=0, chats=81, chatsWithMessages=5
[WhatsApp] Disconnected: WhatsApp session conflict (code 440): another client is using the same auth session.
[WhatsApp] Connected.
[WhatsAppSync] Warmed cache: loaded=0, chats=81, chatsWithMessages=5
[WhatsApp] Disconnected: WhatsApp session conflict (code 440): another client is using the same auth session.
[WhatsApp] Connected.
[WhatsAppSync] Warmed cache: loaded=0, chats=81, chatsWithMessages=5
[WhatsApp] Disconnected: WhatsApp session conflict (code 440): another client is using the same auth session.
[WhatsApp] Connected.
[WhatsAppSync] Warmed cache: loaded=0, chats=81, chatsWithMessages=5
[WhatsApp] Disconnected: WhatsApp session conflict (code 440): another client is using the same auth session.
[WhatsApp] Connected.
[WhatsAppSync] Warmed cache: loaded=0, chats=81, chatsWithMessages=5
 SessionCipher.decryptWithSessions (/home/bumblebee/Desktop/btw-voiceassistant/interpreter/node_modules/libsignal/src/session_cipher.js:147:40)
    at 164394235379830_1.24 [as awaitable] (/home/bumblebee/Desktop/btw-voiceassistant/interpreter/node_modules/libsignal/src/session_cipher.js:171:39)
    at async _asyncQueueExecutor (/home/bumblebee/Desktop/btw-voiceassistant/interpreter/node_modules/libsignal/src/queue_job.js:20:29)
[WhatsApp] Connected.
Closing open session in favor of incoming prekey bundle
[WhatsAppSync] Warmed cache: loaded=0, chats=81, chatsWithMessages=5
[WhatsAppSync] Diagnostics: loadMessages=false, fetchMessageHistory=true, socketStoreChats=0
[WhatsApp] Disconnected: WhatsApp session conflict (code 440): another client is using the same auth session.
[WhatsApp] Connected.
[WhatsAppSync] Warmed cache: loaded=0, chats=81, chatsWithMessages=5
[WhatsAppSync] Diagnostics: loadMessages=false, fetchMessageHistory=true, socketStoreChats=0
[WhatsApp] Disconnected: WhatsApp session conflict (code 440): another client is using the same auth session.
[WhatsApp] Connected.
[WhatsAppSync] Warmed cache: loaded=0, chats=81, chatsWithMessages=5
[WhatsAppSync] Diagnostics: loadMessages=false, fetchMessageHistory=true, socketStoreChats=0
[WhatsApp] Disconnected: WhatsApp session conflict (code 440): another client is using the same auth session.
[WhatsApp] Connected.
[WhatsAppSync] Warmed cache: loaded=0, chats=81, chatsWithMessages=5
[WhatsAppSync] Diagnostics: loadMessages=false, fetchMessageHistory=true, socketStoreChats=0
[WhatsApp] Disconnected: WhatsApp session conflict (code 440): another client is using the same auth session.
[WhatsApp] Connected.
[WhatsAppSync] Warmed cache: loaded=0, chats=81, chatsWithMessages=5
[WhatsAppSync] Diagnostics: loadMessages=false, fetchMessageHistory=true, socketStoreChats=0
[WhatsApp] Disconnected: WhatsApp session conflict (code 440): another client is using the same auth session.
[WhatsApp] Connected.
[WhatsAppSync] Warmed cache: loaded=0, chats=81, chatsWithMessages=5
[WhatsAppSync] Diagnostics: loadMessages=false, fetchMessageHistory=true, socketStoreChats=0
[WhatsApp] Disconnected: WhatsApp session conflict (code 440): another client is using the same auth session.
[WhatsApp] Connected.
[WhatsAppSync] Warmed cache: loaded=0, chats=81, chatsWithMessages=5
[WhatsAppSync] Diagnostics: loadMessages=false, fetchMessageHistory=true, socketStoreChats=0
[WhatsApp] Disconnected: WhatsApp session conflict (code 440): another client is using the same auth session.
[WhatsApp] Connected.
[WhatsAppSync] Warmed cache: loaded=0, chats=81, chatsWithMessages=5
[WhatsAppSync] Diagnostics: loadMessages=false, fetchMessageHistory=true, socketStoreChats=0
[WhatsApp] Disconnected: WhatsApp session conflict (code 440): another client is using the same auth session.
[WhatsApp] Connected.
[WhatsAppSync] Warmed cache: loaded=0, chats=81, chatsWithMessages=5
[WhatsAppSync] Diagnostics: loadMessages=false, fetchMessageHistory=true, socketStoreChats=0
[WhatsApp] Disconnected: WhatsApp session conflict (code 440): another client is using the same auth session.
[WhatsApp] Connected.
[WhatsAppSync] Warmed cache: loaded=0, chats=81, chatsWithMessages=5
[WhatsAppSync] Diagnostics: loadMessages=false, fetchMessageHistory=true, socketStoreChats=0
[WhatsApp] Disconnected: WhatsApp session conflict (code 440): another client is using the same auth session.
[WhatsApp] Connected.
[WhatsAppSync] Warmed cache: loaded=0, chats=81, chatsWithMessages=5
[WhatsAppSync] Diagnostics: loadMessages=false, fetchMessageHistory=true, socketStoreChats=0
[WhatsApp] Disconnected: WhatsApp session conflict (code 440): another client is using the same auth session.
